This file contains any messages produced by compilers while
running configure, to aid debugging if configure makes a mistake.

It was created by lpairs2 configure 2.0, which was
generated by GNU Autoconf 2.69.  Invocation command line was

  $ ./configure --disable-install --enable-debug

## --------- ##
## Platform. ##
## --------- ##

hostname = msi
uname -m = x86_64
uname -r = 4.15.0-47-generic
uname -s = Linux
uname -v = #50-Ubuntu SMP Wed Mar 13 10:44:52 UTC 2019

/usr/bin/uname -p = unknown
/bin/uname -X     = unknown

/bin/arch              = unknown
/usr/bin/arch -k       = unknown
/usr/convex/getsysinfo = unknown
/usr/bin/hostinfo      = unknown
/bin/machine           = unknown
/usr/bin/oslevel       = unknown
/bin/universe          = unknown

PATH: /usr/local/sbin
PATH: /usr/local/bin
PATH: /usr/sbin
PATH: /usr/bin
PATH: /sbin
PATH: /bin
PATH: /usr/games
PATH: /usr/local/games
PATH: /snap/bin


## ----------- ##
## Core tests. ##
## ----------- ##

configure:2355: checking for a BSD-compatible install
configure:2423: result: /usr/bin/install -c
configure:2434: checking whether build environment is sane
configure:2489: result: yes
configure:2640: checking for a thread-safe mkdir -p
configure:2679: result: /bin/mkdir -p
configure:2686: checking for gawk
configure:2702: found /usr/bin/gawk
configure:2713: result: gawk
configure:2724: checking whether make sets $(MAKE)
configure:2746: result: yes
configure:2775: checking whether make supports nested variables
configure:2792: result: yes
configure:2931: checking for style of include used by make
configure:2959: result: GNU
configure:3030: checking for gcc
configure:3046: found /usr/bin/gcc
configure:3057: result: gcc
configure:3286: checking for C compiler version
configure:3295: gcc --version >&5
gcc (Ubuntu 7.3.0-27ubuntu1~18.04) 7.3.0
Copyright (C) 2017 Free Software Foundation, Inc.
This is free software; see the source for copying conditions.  There is NO
warranty; not even for MERCHANTABILITY or FITNESS FOR A PARTICULAR PURPOSE.

configure:3306: $? = 0
configure:3295: gcc -v >&5
Using built-in specs.
COLLECT_GCC=gcc
COLLECT_LTO_WRAPPER=/usr/lib/gcc/x86_64-linux-gnu/7/lto-wrapper
OFFLOAD_TARGET_NAMES=nvptx-none
OFFLOAD_TARGET_DEFAULT=1
Target: x86_64-linux-gnu
Configured with: ../src/configure -v --with-pkgversion='Ubuntu 7.3.0-27ubuntu1~18.04' --with-bugurl=file:///usr/share/doc/gcc-7/README.Bugs --enable-languages=c,ada,c++,go,brig,d,fortran,objc,obj-c++ --prefix=/usr --with-gcc-major-version-only --program-suffix=-7 --program-prefix=x86_64-linux-gnu- --enable-shared --enable-linker-build-id --libexecdir=/usr/lib --without-included-gettext --enable-threads=posix --libdir=/usr/lib --enable-nls --with-sysroot=/ --enable-clocale=gnu --enable-libstdcxx-debug --enable-libstdcxx-time=yes --with-default-libstdcxx-abi=new --enable-gnu-unique-object --disable-vtable-verify --enable-libmpx --enable-plugin --enable-default-pie --with-system-zlib --with-target-system-zlib --enable-objc-gc=auto --enable-multiarch --disable-werror --with-arch-32=i686 --with-abi=m64 --with-multilib-list=m32,m64,mx32 --enable-multilib --with-tune=generic --enable-offload-targets=nvptx-none --without-cuda-driver --enable-checking=release --build=x86_64-linux-gnu --host=x86_64-linux-gnu --target=x86_64-linux-gnu
Thread model: posix
gcc version 7.3.0 (Ubuntu 7.3.0-27ubuntu1~18.04) 
configure:3306: $? = 0
configure:3295: gcc -V >&5
gcc: error: unrecognized command line option '-V'
gcc: fatal error: no input files
compilation terminated.
configure:3306: $? = 1
configure:3295: gcc -qversion >&5
gcc: error: unrecognized command line option '-qversion'; did you mean '--version'?
gcc: fatal error: no input files
compilation terminated.
configure:3306: $? = 1
configure:3326: checking whether the C compiler works
configure:3348: gcc    conftest.c  >&5
configure:3352: $? = 0
configure:3400: result: yes
configure:3403: checking for C compiler default output file name
configure:3405: result: a.out
configure:3411: checking for suffix of executables
configure:3418: gcc -o conftest    conftest.c  >&5
configure:3422: $? = 0
configure:3444: result: 
configure:3466: checking whether we are cross compiling
configure:3474: gcc -o conftest    conftest.c  >&5
configure:3478: $? = 0
configure:3485: ./conftest
configure:3489: $? = 0
configure:3504: result: no
configure:3509: checking for suffix of object files
configure:3531: gcc -c   conftest.c >&5
configure:3535: $? = 0
configure:3556: result: o
configure:3560: checking whether we are using the GNU C compiler
configure:3579: gcc -c   conftest.c >&5
configure:3579: $? = 0
configure:3588: result: yes
configure:3597: checking whether gcc accepts -g
configure:3617: gcc -c -g  conftest.c >&5
configure:3617: $? = 0
configure:3658: result: yes
configure:3675: checking for gcc option to accept ISO C89
configure:3738: gcc  -c -g -O2  conftest.c >&5
configure:3738: $? = 0
configure:3751: result: none needed
configure:3776: checking whether gcc understands -c and -o together
configure:3798: gcc -c conftest.c -o conftest2.o
configure:3801: $? = 0
configure:3798: gcc -c conftest.c -o conftest2.o
configure:3801: $? = 0
configure:3813: result: yes
configure:3832: checking dependency style of gcc
configure:3943: result: gcc3
configure:3964: checking how to run the C preprocessor
configure:3995: gcc -E  conftest.c
configure:3995: $? = 0
configure:4009: gcc -E  conftest.c
conftest.c:11:10: fatal error: ac_nonexistent.h: No such file or directory
 #include <ac_nonexistent.h>
          ^~~~~~~~~~~~~~~~~~
compilation terminated.
configure:4009: $? = 1
configure: failed program was:
| /* confdefs.h */
| #define PACKAGE_NAME "lpairs2"
| #define PACKAGE_TARNAME "lpairs2"
| #define PACKAGE_VERSION "2.0"
| #define PACKAGE_STRING "lpairs2 2.0"
| #define PACKAGE_BUGREPORT ""
| #define PACKAGE_URL ""
| #define PACKAGE "lpairs2"
| #define VERSION "2.0"
| /* end confdefs.h.  */
| #include <ac_nonexistent.h>
configure:4034: result: gcc -E
configure:4054: gcc -E  conftest.c
configure:4054: $? = 0
configure:4068: gcc -E  conftest.c
conftest.c:11:10: fatal error: ac_nonexistent.h: No such file or directory
 #include <ac_nonexistent.h>
          ^~~~~~~~~~~~~~~~~~
compilation terminated.
configure:4068: $? = 1
configure: failed program was:
| /* confdefs.h */
| #define PACKAGE_NAME "lpairs2"
| #define PACKAGE_TARNAME "lpairs2"
| #define PACKAGE_VERSION "2.0"
| #define PACKAGE_STRING "lpairs2 2.0"
| #define PACKAGE_BUGREPORT ""
| #define PACKAGE_URL ""
| #define PACKAGE "lpairs2"
| #define VERSION "2.0"
| /* end confdefs.h.  */
| #include <ac_nonexistent.h>
configure:4097: checking for grep that handles long lines and -e
configure:4155: result: /bin/grep
configure:4160: checking for egrep
configure:4222: result: /bin/grep -E
configure:4227: checking for ANSI C header files
configure:4247: gcc -c -g -O2  conftest.c >&5
configure:4247: $? = 0
configure:4320: gcc -o conftest -g -O2   conftest.c  >&5
configure:4320: $? = 0
configure:4320: ./conftest
configure:4320: $? = 0
configure:4331: result: yes
configure:4344: checking for sys/types.h
configure:4344: gcc -c -g -O2  conftest.c >&5
configure:4344: $? = 0
configure:4344: result: yes
configure:4344: checking for sys/stat.h
configure:4344: gcc -c -g -O2  conftest.c >&5
configure:4344: $? = 0
configure:4344: result: yes
configure:4344: checking for stdlib.h
configure:4344: gcc -c -g -O2  conftest.c >&5
configure:4344: $? = 0
configure:4344: result: yes
configure:4344: checking for string.h
configure:4344: gcc -c -g -O2  conftest.c >&5
configure:4344: $? = 0
configure:4344: result: yes
configure:4344: checking for memory.h
configure:4344: gcc -c -g -O2  conftest.c >&5
configure:4344: $? = 0
configure:4344: result: yes
configure:4344: checking for strings.h
configure:4344: gcc -c -g -O2  conftest.c >&5
configure:4344: $? = 0
configure:4344: result: yes
configure:4344: checking for inttypes.h
configure:4344: gcc -c -g -O2  conftest.c >&5
configure:4344: $? = 0
configure:4344: result: yes
configure:4344: checking for stdint.h
configure:4344: gcc -c -g -O2  conftest.c >&5
configure:4344: $? = 0
configure:4344: result: yes
configure:4344: checking for unistd.h
configure:4344: gcc -c -g -O2  conftest.c >&5
configure:4344: $? = 0
configure:4344: result: yes
configure:4357: checking minix/config.h usability
configure:4357: gcc -c -g -O2  conftest.c >&5
conftest.c:54:10: fatal error: minix/config.h: No such file or directory
 #include <minix/config.h>
          ^~~~~~~~~~~~~~~~
compilation terminated.
configure:4357: $? = 1
configure: failed program was:
| /* confdefs.h */
| #define PACKAGE_NAME "lpairs2"
| #define PACKAGE_TARNAME "lpairs2"
| #define PACKAGE_VERSION "2.0"
| #define PACKAGE_STRING "lpairs2 2.0"
| #define PACKAGE_BUGREPORT ""
| #define PACKAGE_URL ""
| #define PACKAGE "lpairs2"
| #define VERSION "2.0"
| #define STDC_HEADERS 1
| #define HAVE_SYS_TYPES_H 1
| #define HAVE_SYS_STAT_H 1
| #define HAVE_STDLIB_H 1
| #define HAVE_STRING_H 1
| #define HAVE_MEMORY_H 1
| #define HAVE_STRINGS_H 1
| #define HAVE_INTTYPES_H 1
| #define HAVE_STDINT_H 1
| #define HAVE_UNISTD_H 1
| /* end confdefs.h.  */
| #include <stdio.h>
| #ifdef HAVE_SYS_TYPES_H
| # include <sys/types.h>
| #endif
| #ifdef HAVE_SYS_STAT_H
| # include <sys/stat.h>
| #endif
| #ifdef STDC_HEADERS
| # include <stdlib.h>
| # include <stddef.h>
| #else
| # ifdef HAVE_STDLIB_H
| #  include <stdlib.h>
| # endif
| #endif
| #ifdef HAVE_STRING_H
| # if !defined STDC_HEADERS && defined HAVE_MEMORY_H
| #  include <memory.h>
| # endif
| # include <string.h>
| #endif
| #ifdef HAVE_STRINGS_H
| # include <strings.h>
| #endif
| #ifdef HAVE_INTTYPES_H
| # include <inttypes.h>
| #endif
| #ifdef HAVE_STDINT_H
| # include <stdint.h>
| #endif
| #ifdef HAVE_UNISTD_H
| # include <unistd.h>
| #endif
| #include <minix/config.h>
configure:4357: result: no
configure:4357: checking minix/config.h presence
configure:4357: gcc -E  conftest.c
conftest.c:21:10: fatal error: minix/config.h: No such file or directory
 #include <minix/config.h>
          ^~~~~~~~~~~~~~~~
compilation terminated.
configure:4357: $? = 1
configure: failed program was:
| /* confdefs.h */
| #define PACKAGE_NAME "lpairs2"
| #define PACKAGE_TARNAME "lpairs2"
| #define PACKAGE_VERSION "2.0"
| #define PACKAGE_STRING "lpairs2 2.0"
| #define PACKAGE_BUGREPORT ""
| #define PACKAGE_URL ""
| #define PACKAGE "lpairs2"
| #define VERSION "2.0"
| #define STDC_HEADERS 1
| #define HAVE_SYS_TYPES_H 1
| #define HAVE_SYS_STAT_H 1
| #define HAVE_STDLIB_H 1
| #define HAVE_STRING_H 1
| #define HAVE_MEMORY_H 1
| #define HAVE_STRINGS_H 1
| #define HAVE_INTTYPES_H 1
| #define HAVE_STDINT_H 1
| #define HAVE_UNISTD_H 1
| /* end confdefs.h.  */
| #include <minix/config.h>
configure:4357: result: no
configure:4357: checking for minix/config.h
configure:4357: result: no
configure:4378: checking whether it is safe to define __EXTENSIONS__
configure:4396: gcc -c -g -O2  conftest.c >&5
configure:4396: $? = 0
configure:4403: result: yes
configure:4417: checking for a sed that does not truncate output
configure:4481: result: /bin/sed
configure:4487: checking whether NLS is requested
configure:4496: result: yes
configure:4536: checking for msgfmt
configure: trying /usr/bin/msgfmt...
0 translated messages.
configure:4568: result: /usr/bin/msgfmt
configure:4577: checking for gmsgfmt
configure:4608: result: /usr/bin/msgfmt
configure:4658: checking for xgettext
configure: trying /usr/bin/xgettext...
/usr/bin/xgettext: warning: file '/dev/null' extension '' is unknown; will try C
configure:4690: result: /usr/bin/xgettext
configure:4735: checking for msgmerge
configure: trying /usr/bin/msgmerge...
configure:4766: result: /usr/bin/msgmerge
configure:4803: checking build system type
configure:4817: result: x86_64-unknown-linux-gnu
configure:4837: checking host system type
configure:4850: result: x86_64-unknown-linux-gnu
configure:4895: checking for ld used by gcc
configure:4962: result: /usr/bin/ld
configure:4969: checking if the linker (/usr/bin/ld) is GNU ld
configure:4984: result: yes
configure:4991: checking for shared library run path origin
configure:5004: result: done
configure:5576: checking for CFPreferencesCopyAppValue
configure:5594: gcc -o conftest -g -O2   conftest.c  -Wl,-framework -Wl,CoreFoundation >&5
conftest.c:26:10: fatal error: CoreFoundation/CFPreferences.h: No such file or directory
 #include <CoreFoundation/CFPreferences.h>
          ^~~~~~~~~~~~~~~~~~~~~~~~~~~~~~~~
compilation terminated.
configure:5594: $? = 1
configure: failed program was:
| /* confdefs.h */
| #define PACKAGE_NAME "lpairs2"
| #define PACKAGE_TARNAME "lpairs2"
| #define PACKAGE_VERSION "2.0"
| #define PACKAGE_STRING "lpairs2 2.0"
| #define PACKAGE_BUGREPORT ""
| #define PACKAGE_URL ""
| #define PACKAGE "lpairs2"
| #define VERSION "2.0"
| #define STDC_HEADERS 1
| #define HAVE_SYS_TYPES_H 1
| #define HAVE_SYS_STAT_H 1
| #define HAVE_STDLIB_H 1
| #define HAVE_STRING_H 1
| #define HAVE_MEMORY_H 1
| #define HAVE_STRINGS_H 1
| #define HAVE_INTTYPES_H 1
| #define HAVE_STDINT_H 1
| #define HAVE_UNISTD_H 1
| #define __EXTENSIONS__ 1
| #define _ALL_SOURCE 1
| #define _GNU_SOURCE 1
| #define _POSIX_PTHREAD_SEMANTICS 1
| #define _TANDEM_SOURCE 1
| /* end confdefs.h.  */
| #include <CoreFoundation/CFPreferences.h>
| int
| main ()
| {
| CFPreferencesCopyAppValue(NULL, NULL)
|   ;
|   return 0;
| }
configure:5603: result: no
configure:5610: checking for CFLocaleCopyCurrent
configure:5628: gcc -o conftest -g -O2   conftest.c  -Wl,-framework -Wl,CoreFoundation >&5
conftest.c:26:10: fatal error: CoreFoundation/CFLocale.h: No such file or directory
 #include <CoreFoundation/CFLocale.h>
          ^~~~~~~~~~~~~~~~~~~~~~~~~~~
compilation terminated.
configure:5628: $? = 1
configure: failed program was:
| /* confdefs.h */
| #define PACKAGE_NAME "lpairs2"
| #define PACKAGE_TARNAME "lpairs2"
| #define PACKAGE_VERSION "2.0"
| #define PACKAGE_STRING "lpairs2 2.0"
| #define PACKAGE_BUGREPORT ""
| #define PACKAGE_URL ""
| #define PACKAGE "lpairs2"
| #define VERSION "2.0"
| #define STDC_HEADERS 1
| #define HAVE_SYS_TYPES_H 1
| #define HAVE_SYS_STAT_H 1
| #define HAVE_STDLIB_H 1
| #define HAVE_STRING_H 1
| #define HAVE_MEMORY_H 1
| #define HAVE_STRINGS_H 1
| #define HAVE_INTTYPES_H 1
| #define HAVE_STDINT_H 1
| #define HAVE_UNISTD_H 1
| #define __EXTENSIONS__ 1
| #define _ALL_SOURCE 1
| #define _GNU_SOURCE 1
| #define _POSIX_PTHREAD_SEMANTICS 1
| #define _TANDEM_SOURCE 1
| /* end confdefs.h.  */
| #include <CoreFoundation/CFLocale.h>
| int
| main ()
| {
| CFLocaleCopyCurrent();
|   ;
|   return 0;
| }
configure:5637: result: no
configure:5686: checking for GNU gettext in libc
configure:5715: gcc -o conftest -g -O2   conftest.c  >&5
configure:5715: $? = 0
configure:5724: result: yes
configure:6571: checking whether to use NLS
configure:6573: result: yes
configure:6576: checking where the gettext function comes from
configure:6587: result: libc
configure:6704: checking for g++
configure:6720: found /usr/bin/g++
configure:6731: result: g++
configure:6758: checking for C++ compiler version
configure:6767: g++ --version >&5
g++ (Ubuntu 7.3.0-27ubuntu1~18.04) 7.3.0
Copyright (C) 2017 Free Software Foundation, Inc.
This is free software; see the source for copying conditions.  There is NO
warranty; not even for MERCHANTABILITY or FITNESS FOR A PARTICULAR PURPOSE.

configure:6778: $? = 0
configure:6767: g++ -v >&5
Using built-in specs.
COLLECT_GCC=g++
COLLECT_LTO_WRAPPER=/usr/lib/gcc/x86_64-linux-gnu/7/lto-wrapper
OFFLOAD_TARGET_NAMES=nvptx-none
OFFLOAD_TARGET_DEFAULT=1
Target: x86_64-linux-gnu
Configured with: ../src/configure -v --with-pkgversion='Ubuntu 7.3.0-27ubuntu1~18.04' --with-bugurl=file:///usr/share/doc/gcc-7/README.Bugs --enable-languages=c,ada,c++,go,brig,d,fortran,objc,obj-c++ --prefix=/usr --with-gcc-major-version-only --program-suffix=-7 --program-prefix=x86_64-linux-gnu- --enable-shared --enable-linker-build-id --libexecdir=/usr/lib --without-included-gettext --enable-threads=posix --libdir=/usr/lib --enable-nls --with-sysroot=/ --enable-clocale=gnu --enable-libstdcxx-debug --enable-libstdcxx-time=yes --with-default-libstdcxx-abi=new --enable-gnu-unique-object --disable-vtable-verify --enable-libmpx --enable-plugin --enable-default-pie --with-system-zlib --with-target-system-zlib --enable-objc-gc=auto --enable-multiarch --disable-werror --with-arch-32=i686 --with-abi=m64 --with-multilib-list=m32,m64,mx32 --enable-multilib --with-tune=generic --enable-offload-targets=nvptx-none --without-cuda-driver --enable-checking=release --build=x86_64-linux-gnu --host=x86_64-linux-gnu --target=x86_64-linux-gnu
Thread model: posix
gcc version 7.3.0 (Ubuntu 7.3.0-27ubuntu1~18.04) 
configure:6778: $? = 0
configure:6767: g++ -V >&5
g++: error: unrecognized command line option '-V'
g++: fatal error: no input files
compilation terminated.
configure:6778: $? = 1
configure:6767: g++ -qversion >&5
g++: error: unrecognized command line option '-qversion'; did you mean '--version'?
g++: fatal error: no input files
compilation terminated.
configure:6778: $? = 1
configure:6782: checking whether we are using the GNU C++ compiler
configure:6801: g++ -c   conftest.cpp >&5
configure:6801: $? = 0
configure:6810: result: yes
configure:6819: checking whether g++ accepts -g
configure:6839: g++ -c -g  conftest.cpp >&5
configure:6839: $? = 0
configure:6880: result: yes
configure:6905: checking dependency style of g++
configure:7016: result: gcc3
configure:7074: checking for ranlib
configure:7090: found /usr/bin/ranlib
configure:7101: result: ranlib
configure:7125: checking for main in -lm
configure:7144: gcc -o conftest -g -O2   conftest.c -lm   >&5
configure:7144: $? = 0
configure:7153: result: yes
configure:7166: checking for main in -lSDL2
configure:7185: gcc -o conftest -g -O2   conftest.c -lSDL2  -lm  >&5
configure:7185: $? = 0
configure:7194: result: yes
configure:7207: checking for main in -lSDL2_ttf
configure:7226: gcc -o conftest -g -O2   conftest.c -lSDL2_ttf  -lSDL2 -lm  >&5
configure:7226: $? = 0
configure:7235: result: yes
configure:7248: checking for main in -lSDL2_image
configure:7267: gcc -o conftest -g -O2   conftest.c -lSDL2_image  -lSDL2_ttf -lSDL2 -lm  >&5
configure:7267: $? = 0
configure:7276: result: yes
configure:7289: checking for main in -lSDL2_mixer
configure:7308: gcc -o conftest -g -O2   conftest.c -lSDL2_mixer  -lSDL2_image -lSDL2_ttf -lSDL2 -lm  >&5
configure:7308: $? = 0
configure:7317: result: yes
configure:7335: checking for stdlib.h
configure:7335: result: yes
configure:7335: checking for string.h
configure:7335: result: yes
configure:7347: checking for stdbool.h that conforms to C99
configure:7414: gcc -c -g -O2  conftest.c >&5
configure:7414: $? = 0
configure:7421: result: yes
configure:7423: checking for _Bool
configure:7423: gcc -c -g -O2  conftest.c >&5
configure:7423: $? = 0
configure:7423: gcc -c -g -O2  conftest.c >&5
conftest.c: In function 'main':
conftest.c:72:20: error: expected expression before ')' token
 if (sizeof ((_Bool)))
                    ^
configure:7423: $? = 1
configure: failed program was:
| /* confdefs.h */
| #define PACKAGE_NAME "lpairs2"
| #define PACKAGE_TARNAME "lpairs2"
| #define PACKAGE_VERSION "2.0"
| #define PACKAGE_STRING "lpairs2 2.0"
| #define PACKAGE_BUGREPORT ""
| #define PACKAGE_URL ""
| #define PACKAGE "lpairs2"
| #define VERSION "2.0"
| #define STDC_HEADERS 1
| #define HAVE_SYS_TYPES_H 1
| #define HAVE_SYS_STAT_H 1
| #define HAVE_STDLIB_H 1
| #define HAVE_STRING_H 1
| #define HAVE_MEMORY_H 1
| #define HAVE_STRINGS_H 1
| #define HAVE_INTTYPES_H 1
| #define HAVE_STDINT_H 1
| #define HAVE_UNISTD_H 1
| #define __EXTENSIONS__ 1
| #define _ALL_SOURCE 1
| #define _GNU_SOURCE 1
| #define _POSIX_PTHREAD_SEMANTICS 1
| #define _TANDEM_SOURCE 1
| #define ENABLE_NLS 1
| #define HAVE_GETTEXT 1
| #define HAVE_DCGETTEXT 1
| #define HAVE_LIBM 1
| #define HAVE_LIBSDL2 1
| #define HAVE_LIBSDL2_TTF 1
| #define HAVE_LIBSDL2_IMAGE 1
| #define HAVE_LIBSDL2_MIXER 1
| #define HAVE_STDLIB_H 1
| #define HAVE_STRING_H 1
| /* end confdefs.h.  */
| #include <stdio.h>
| #ifdef HAVE_SYS_TYPES_H
| # include <sys/types.h>
| #endif
| #ifdef HAVE_SYS_STAT_H
| # include <sys/stat.h>
| #endif
| #ifdef STDC_HEADERS
| # include <stdlib.h>
| # include <stddef.h>
| #else
| # ifdef HAVE_STDLIB_H
| #  include <stdlib.h>
| # endif
| #endif
| #ifdef HAVE_STRING_H
| # if !defined STDC_HEADERS && defined HAVE_MEMORY_H
| #  include <memory.h>
| # endif
| # include <string.h>
| #endif
| #ifdef HAVE_STRINGS_H
| # include <strings.h>
| #endif
| #ifdef HAVE_INTTYPES_H
| # include <inttypes.h>
| #endif
| #ifdef HAVE_STDINT_H
| # include <stdint.h>
| #endif
| #ifdef HAVE_UNISTD_H
| # include <unistd.h>
| #endif
| int
| main ()
| {
| if (sizeof ((_Bool)))
| 	    return 0;
|   ;
|   return 0;
| }
configure:7423: result: yes
configure:7434: checking for inline
configure:7450: gcc -c -g -O2  conftest.c >&5
configure:7450: $? = 0
configure:7458: result: inline
configure:7478: checking for size_t
configure:7478: gcc -c -g -O2  conftest.c >&5
configure:7478: $? = 0
configure:7478: gcc -c -g -O2  conftest.c >&5
conftest.c: In function 'main':
conftest.c:73:21: error: expected expression before ')' token
 if (sizeof ((size_t)))
                     ^
configure:7478: $? = 1
configure: failed program was:
| /* confdefs.h */
| #define PACKAGE_NAME "lpairs2"
| #define PACKAGE_TARNAME "lpairs2"
| #define PACKAGE_VERSION "2.0"
| #define PACKAGE_STRING "lpairs2 2.0"
| #define PACKAGE_BUGREPORT ""
| #define PACKAGE_URL ""
| #define PACKAGE "lpairs2"
| #define VERSION "2.0"
| #define STDC_HEADERS 1
| #define HAVE_SYS_TYPES_H 1
| #define HAVE_SYS_STAT_H 1
| #define HAVE_STDLIB_H 1
| #define HAVE_STRING_H 1
| #define HAVE_MEMORY_H 1
| #define HAVE_STRINGS_H 1
| #define HAVE_INTTYPES_H 1
| #define HAVE_STDINT_H 1
| #define HAVE_UNISTD_H 1
| #define __EXTENSIONS__ 1
| #define _ALL_SOURCE 1
| #define _GNU_SOURCE 1
| #define _POSIX_PTHREAD_SEMANTICS 1
| #define _TANDEM_SOURCE 1
| #define ENABLE_NLS 1
| #define HAVE_GETTEXT 1
| #define HAVE_DCGETTEXT 1
| #define HAVE_LIBM 1
| #define HAVE_LIBSDL2 1
| #define HAVE_LIBSDL2_TTF 1
| #define HAVE_LIBSDL2_IMAGE 1
| #define HAVE_LIBSDL2_MIXER 1
| #define HAVE_STDLIB_H 1
| #define HAVE_STRING_H 1
| #define HAVE__BOOL 1
| /* end confdefs.h.  */
| #include <stdio.h>
| #ifdef HAVE_SYS_TYPES_H
| # include <sys/types.h>
| #endif
| #ifdef HAVE_SYS_STAT_H
| # include <sys/stat.h>
| #endif
| #ifdef STDC_HEADERS
| # include <stdlib.h>
| # include <stddef.h>
| #else
| # ifdef HAVE_STDLIB_H
| #  include <stdlib.h>
| # endif
| #endif
| #ifdef HAVE_STRING_H
| # if !defined STDC_HEADERS && defined HAVE_MEMORY_H
| #  include <memory.h>
| # endif
| # include <string.h>
| #endif
| #ifdef HAVE_STRINGS_H
| # include <strings.h>
| #endif
| #ifdef HAVE_INTTYPES_H
| # include <inttypes.h>
| #endif
| #ifdef HAVE_STDINT_H
| # include <stdint.h>
| #endif
| #ifdef HAVE_UNISTD_H
| # include <unistd.h>
| #endif
| int
| main ()
| {
| if (sizeof ((size_t)))
| 	    return 0;
|   ;
|   return 0;
| }
configure:7478: result: yes
configure:7491: checking for working alloca.h
configure:7508: gcc -o conftest -g -O2   conftest.c -lSDL2_mixer -lSDL2_image -lSDL2_ttf -lSDL2 -lm  >&5
configure:7508: $? = 0
configure:7516: result: yes
configure:7524: checking for alloca
configure:7561: gcc -o conftest -g -O2   conftest.c -lSDL2_mixer -lSDL2_image -lSDL2_ttf -lSDL2 -lm  >&5
configure:7561: $? = 0
configure:7569: result: yes
configure:7677: checking for stdlib.h
configure:7677: result: yes
configure:7687: checking for GNU libc compatible malloc
configure:7711: gcc -o conftest -g -O2   conftest.c -lSDL2_mixer -lSDL2_image -lSDL2_ttf -lSDL2 -lm  >&5
configure:7711: $? = 0
configure:7711: ./conftest
configure:7711: $? = 0
configure:7721: result: yes
configure:7744: checking for stdlib.h
configure:7744: result: yes
configure:7754: checking for GNU libc compatible realloc
configure:7778: gcc -o conftest -g -O2   conftest.c -lSDL2_mixer -lSDL2_image -lSDL2_ttf -lSDL2 -lm  >&5
configure:7778: $? = 0
configure:7778: ./conftest
configure:7778: $? = 0
configure:7788: result: yes
configure:7809: checking for working strtod
configure:7850: gcc -o conftest -g -O2   conftest.c -lSDL2_mixer -lSDL2_image -lSDL2_ttf -lSDL2 -lm  >&5
configure:7850: $? = 0
configure:7850: ./conftest
configure:7850: $? = 0
configure:7860: result: yes
configure:7925: checking for memset
configure:7925: gcc -o conftest -g -O2   conftest.c -lSDL2_mixer -lSDL2_image -lSDL2_ttf -lSDL2 -lm  >&5
conftest.c:66:6: warning: conflicting types for built-in function 'memset' [-Wbuiltin-declaration-mismatch]
 char memset ();
      ^~~~~~
configure:7925: $? = 0
configure:7925: result: yes
configure:7925: checking for strchr
configure:7925: gcc -o conftest -g -O2   conftest.c -lSDL2_mixer -lSDL2_image -lSDL2_ttf -lSDL2 -lm  >&5
conftest.c:67:6: warning: conflicting types for built-in function 'strchr' [-Wbuiltin-declaration-mismatch]
 char strchr ();
      ^~~~~~
configure:7925: $? = 0
configure:7925: result: yes
configure:7925: checking for strdup
configure:7925: gcc -o conftest -g -O2   conftest.c -lSDL2_mixer -lSDL2_image -lSDL2_ttf -lSDL2 -lm  >&5
conftest.c:68:6: warning: conflicting types for built-in function 'strdup' [-Wbuiltin-declaration-mismatch]
 char strdup ();
      ^~~~~~
configure:7925: $? = 0
configure:7925: result: yes
configure:7925: checking for strrchr
configure:7925: gcc -o conftest -g -O2   conftest.c -lSDL2_mixer -lSDL2_image -lSDL2_ttf -lSDL2 -lm  >&5
conftest.c:69:6: warning: conflicting types for built-in function 'strrchr' [-Wbuiltin-declaration-mismatch]
 char strrchr ();
      ^~~~~~~
configure:7925: $? = 0
configure:7925: result: yes
configure:8067: checking that generated files are newer than configure
configure:8073: result: done
configure:8100: creating ./config.status

## ---------------------- ##
## Running config.status. ##
## ---------------------- ##

This file was extended by lpairs2 config.status 2.0, which was
generated by GNU Autoconf 2.69.  Invocation command line was

  CONFIG_FILES    = 
  CONFIG_HEADERS  = 
  CONFIG_LINKS    = 
  CONFIG_COMMANDS = 
  $ ./config.status 

on msi

config.status:927: creating Makefile
config.status:927: creating po/Makefile.in
config.status:927: creating src/Makefile
config.status:927: creating src/themes/Makefile
config.status:927: creating src/themes/Standard/Makefile
config.status:927: creating config.h
config.status:1108: config.h is unchanged
config.status:1156: executing depfiles commands
config.status:1156: executing po-directories commands

## ---------------- ##
## Cache variables. ##
## ---------------- ##

ac_cv_build=x86_64-unknown-linux-gnu
ac_cv_c_compiler_gnu=yes
ac_cv_c_inline=inline
ac_cv_cxx_compiler_gnu=yes
ac_cv_env_CCC_set=
ac_cv_env_CCC_value=
ac_cv_env_CC_set=
ac_cv_env_CC_value=
ac_cv_env_CFLAGS_set=
ac_cv_env_CFLAGS_value=
ac_cv_env_CPPFLAGS_set=
ac_cv_env_CPPFLAGS_value=
ac_cv_env_CPP_set=
ac_cv_env_CPP_value=
ac_cv_env_CXXFLAGS_set=
ac_cv_env_CXXFLAGS_value=
ac_cv_env_CXX_set=
ac_cv_env_CXX_value=
ac_cv_env_LDFLAGS_set=
ac_cv_env_LDFLAGS_value=
ac_cv_env_LIBS_set=
ac_cv_env_LIBS_value=
ac_cv_env_build_alias_set=
ac_cv_env_build_alias_value=
ac_cv_env_host_alias_set=
ac_cv_env_host_alias_value=
ac_cv_env_target_alias_set=
ac_cv_env_target_alias_value=
ac_cv_func_alloca_works=yes
ac_cv_func_malloc_0_nonnull=yes
ac_cv_func_memset=yes
ac_cv_func_realloc_0_nonnull=yes
ac_cv_func_strchr=yes
ac_cv_func_strdup=yes
ac_cv_func_strrchr=yes
ac_cv_func_strtod=yes
ac_cv_header_inttypes_h=yes
ac_cv_header_memory_h=yes
ac_cv_header_minix_config_h=no
ac_cv_header_stdbool_h=yes
ac_cv_header_stdc=yes
ac_cv_header_stdint_h=yes
ac_cv_header_stdlib_h=yes
ac_cv_header_string_h=yes
ac_cv_header_strings_h=yes
ac_cv_header_sys_stat_h=yes
ac_cv_header_sys_types_h=yes
ac_cv_header_unistd_h=yes
ac_cv_host=x86_64-unknown-linux-gnu
ac_cv_lib_SDL2_image_main=yes
ac_cv_lib_SDL2_main=yes
ac_cv_lib_SDL2_mixer_main=yes
ac_cv_lib_SDL2_ttf_main=yes
ac_cv_lib_m_main=yes
ac_cv_objext=o
ac_cv_path_EGREP='/bin/grep -E'
ac_cv_path_GMSGFMT=/usr/bin/msgfmt
ac_cv_path_GREP=/bin/grep
ac_cv_path_MSGFMT=/usr/bin/msgfmt
ac_cv_path_MSGMERGE=/usr/bin/msgmerge
ac_cv_path_SED=/bin/sed
ac_cv_path_XGETTEXT=/usr/bin/xgettext
ac_cv_path_install='/usr/bin/install -c'
ac_cv_path_mkdir=/bin/mkdir
ac_cv_prog_AWK=gawk
ac_cv_prog_CPP='gcc -E'
ac_cv_prog_ac_ct_CC=gcc
ac_cv_prog_ac_ct_CXX=g++
ac_cv_prog_ac_ct_RANLIB=ranlib
ac_cv_prog_cc_c89=
ac_cv_prog_cc_g=yes
ac_cv_prog_cxx_g=yes
ac_cv_prog_make_make_set=yes
ac_cv_safe_to_define___extensions__=yes
ac_cv_type__Bool=yes
ac_cv_type_size_t=yes
ac_cv_working_alloca_h=yes
acl_cv_hardcode_direct=no
acl_cv_hardcode_libdir_flag_spec='${wl}-rpath ${wl}$libdir'
acl_cv_hardcode_libdir_separator=
acl_cv_hardcode_minus_L=no
acl_cv_libext=a
acl_cv_libname_spec='lib$name'
acl_cv_library_names_spec='$libname$shrext'
acl_cv_path_LD=/usr/bin/ld
acl_cv_prog_gnu_ld=yes
acl_cv_rpath=done
acl_cv_shlibext=so
acl_cv_wl=-Wl,
am_cv_CC_dependencies_compiler_type=gcc3
am_cv_CXX_dependencies_compiler_type=gcc3
am_cv_make_support_nested_variables=yes
am_cv_prog_cc_c_o=yes
gt_cv_func_CFLocaleCopyCurrent=no
gt_cv_func_CFPreferencesCopyAppValue=no
gt_cv_func_gnugettext1_libc=yes

## ----------------- ##
## Output variables. ##
## ----------------- ##

ACLOCAL='${SHELL} /home/michael/projects/lpairs2/missing aclocal-1.15'
ALLOCA=''
AMDEPBACKSLASH='\'
AMDEP_FALSE='#'
AMDEP_TRUE=''
AMTAR='$${TAR-tar}'
AM_BACKSLASH='\'
AM_DEFAULT_V='$(AM_DEFAULT_VERBOSITY)'
AM_DEFAULT_VERBOSITY='1'
AM_V='$(V)'
AUTOCONF='${SHELL} /home/michael/projects/lpairs2/missing autoconf'
AUTOHEADER='${SHELL} /home/michael/projects/lpairs2/missing autoheader'
AUTOMAKE='${SHELL} /home/michael/projects/lpairs2/missing automake-1.15'
AWK='gawk'
CC='gcc'
CCDEPMODE='depmode=gcc3'
CFLAGS='-g -O2'
CPP='gcc -E'
CPPFLAGS=''
CXX='g++'
CXXDEPMODE='depmode=gcc3'
CXXFLAGS='-g -O2 -I/usr/include/SDL2 -D_REENTRANT -Wall -O0 -g -std=c++11 -DLOCALEDIR=\"${datarootdir}/locale\" -DCONFIGDIR=\".\" -DDATADIR=\".\"'
CYGPATH_W='echo'
DEFS='-DHAVE_CONFIG_H'
DEPDIR='.deps'
ECHO_C=''
ECHO_N='-n'
ECHO_T=''
EGREP='/bin/grep -E'
EXEEXT=''
GETTEXT_MACRO_VERSION='0.19'
GMSGFMT='/usr/bin/msgfmt'
GMSGFMT_015='/usr/bin/msgfmt'
GREP='/bin/grep'
INSTALL_DATA='${INSTALL} -m 644'
INSTALL_PROGRAM='${INSTALL}'
INSTALL_SCRIPT='${INSTALL}'
INSTALL_STRIP_PROGRAM='$(install_sh) -c -s'
INTLLIBS=''
INTL_MACOSX_LIBS=''
LDFLAGS=''
LIBICONV='-liconv'
LIBINTL=''
LIBOBJS=''
LIBS='-lSDL2_mixer -lSDL2_image -lSDL2_ttf -lSDL2 -lm  -lSDL2'
LTLIBICONV='-liconv'
LTLIBINTL=''
LTLIBOBJS=''
MAKEINFO='${SHELL} /home/michael/projects/lpairs2/missing makeinfo'
MKDIR_P='/bin/mkdir -p'
MSGFMT='/usr/bin/msgfmt'
MSGFMT_015='/usr/bin/msgfmt'
MSGMERGE='/usr/bin/msgmerge'
OBJEXT='o'
PACKAGE='lpairs2'
PACKAGE_BUGREPORT=''
PACKAGE_NAME='lpairs2'
PACKAGE_STRING='lpairs2 2.0'
PACKAGE_TARNAME='lpairs2'
PACKAGE_URL=''
PACKAGE_VERSION='2.0'
PATH_SEPARATOR=':'
POSUB='po'
POW_LIB=''
RANLIB='ranlib'
SED='/bin/sed'
SET_MAKE=''
SHELL='/bin/bash'
STRIP=''
USE_NLS='yes'
VERSION='2.0'
XGETTEXT='/usr/bin/xgettext'
XGETTEXT_015='/usr/bin/xgettext'
XGETTEXT_EXTRA_OPTIONS=''
ac_ct_CC='gcc'
ac_ct_CXX='g++'
am__EXEEXT_FALSE=''
am__EXEEXT_TRUE='#'
am__fastdepCC_FALSE='#'
am__fastdepCC_TRUE=''
am__fastdepCXX_FALSE='#'
am__fastdepCXX_TRUE=''
am__include='include'
am__isrc=''
am__leading_dot='.'
am__nodep='_no'
am__quote=''
am__tar='$${TAR-tar} chof - "$$tardir"'
am__untar='$${TAR-tar} xf -'
bindir='${exec_prefix}/bin'
build='x86_64-unknown-linux-gnu'
build_alias=''
build_cpu='x86_64'
build_os='linux-gnu'
build_vendor='unknown'
datadir='${datarootdir}'
datarootdir='${prefix}/share'
datdir='.'
docdir='${datarootdir}/doc/${PACKAGE_TARNAME}'
dvidir='${docdir}'
exec_prefix='${prefix}'
host='x86_64-unknown-linux-gnu'
host_alias=''
host_cpu='x86_64'
host_os='linux-gnu'
host_vendor='unknown'
htmldir='${docdir}'
includedir='${prefix}/include'
infodir='${datarootdir}/info'
install_sh='${SHELL} /home/michael/projects/lpairs2/install-sh'
libdir='${exec_prefix}/lib'
libexecdir='${exec_prefix}/libexec'
localedir='${datarootdir}/locale'
localstatedir='${prefix}/var'
mandir='${datarootdir}/man'
mkdir_p='$(MKDIR_P)'
oldincludedir='/usr/include'
pdfdir='${docdir}'
prefix='/usr/local'
program_transform_name='s,x,x,'
psdir='${docdir}'
runstatedir='${localstatedir}/run'
sbindir='${exec_prefix}/sbin'
sharedstatedir='${prefix}/com'
sysconfdir='${prefix}/etc'
target_alias=''

## ----------- ##
## confdefs.h. ##
## ----------- ##

/* confdefs.h */
#define PACKAGE_NAME "lpairs2"
#define PACKAGE_TARNAME "lpairs2"
#define PACKAGE_VERSION "2.0"
#define PACKAGE_STRING "lpairs2 2.0"
#define PACKAGE_BUGREPORT ""
#define PACKAGE_URL ""
#define PACKAGE "lpairs2"
#define VERSION "2.0"
#define STDC_HEADERS 1
#define HAVE_SYS_TYPES_H 1
#define HAVE_SYS_STAT_H 1
#define HAVE_STDLIB_H 1
#define HAVE_STRING_H 1
#define HAVE_MEMORY_H 1
#define HAVE_STRINGS_H 1
#define HAVE_INTTYPES_H 1
#define HAVE_STDINT_H 1
#define HAVE_UNISTD_H 1
#define __EXTENSIONS__ 1
#define _ALL_SOURCE 1
#define _GNU_SOURCE 1
#define _POSIX_PTHREAD_SEMANTICS 1
#define _TANDEM_SOURCE 1
#define ENABLE_NLS 1
#define HAVE_GETTEXT 1
#define HAVE_DCGETTEXT 1
#define HAVE_LIBM 1
#define HAVE_LIBSDL2 1
#define HAVE_LIBSDL2_TTF 1
#define HAVE_LIBSDL2_IMAGE 1
#define HAVE_LIBSDL2_MIXER 1
#define HAVE_STDLIB_H 1
#define HAVE_STRING_H 1
#define HAVE__BOOL 1
#define HAVE_ALLOCA_H 1
#define HAVE_ALLOCA 1
#define HAVE_STDLIB_H 1
#define HAVE_MALLOC 1
#define HAVE_STDLIB_H 1
#define HAVE_REALLOC 1
#define HAVE_MEMSET 1
#define HAVE_STRCHR 1
#define HAVE_STRDUP 1
#define HAVE_STRRCHR 1

configure: exit 0

## ---------------------- ##
## Running config.status. ##
## ---------------------- ##

This file was extended by lpairs2 config.status 2.0, which was
generated by GNU Autoconf 2.69.  Invocation command line was

  CONFIG_FILES    = 
  CONFIG_HEADERS  = 
  CONFIG_LINKS    = 
  CONFIG_COMMANDS = 
  $ ./config.status Makefile

on msi

config.status:927: creating Makefile

## ---------------------- ##
## Running config.status. ##
## ---------------------- ##

This file was extended by lpairs2 config.status 2.0, which was
generated by GNU Autoconf 2.69.  Invocation command line was

  CONFIG_FILES    = 
  CONFIG_HEADERS  = 
  CONFIG_LINKS    = 
  CONFIG_COMMANDS = 
  $ ./config.status src/Makefile depfiles

on msi

config.status:927: creating src/Makefile
config.status:1156: executing depfiles commands

## ---------------------- ##
## Running config.status. ##
## ---------------------- ##

This file was extended by lpairs2 config.status 2.0, which was
generated by GNU Autoconf 2.69.  Invocation command line was

  CONFIG_FILES    = 
  CONFIG_HEADERS  = 
  CONFIG_LINKS    = 
  CONFIG_COMMANDS = 
  $ ./config.status src/themes/Makefile

on msi

config.status:927: creating src/themes/Makefile

## ---------------------- ##
## Running config.status. ##
## ---------------------- ##

This file was extended by lpairs2 config.status 2.0, which was
generated by GNU Autoconf 2.69.  Invocation command line was

  CONFIG_FILES    = 
  CONFIG_HEADERS  = 
  CONFIG_LINKS    = 
  CONFIG_COMMANDS = 
  $ ./config.status src/themes/Standard/Makefile

on msi

config.status:927: creating src/themes/Standard/Makefile

## ---------------------- ##
## Running config.status. ##
## ---------------------- ##

This file was extended by lpairs2 config.status 2.0, which was
generated by GNU Autoconf 2.69.  Invocation command line was

  CONFIG_FILES    = 
  CONFIG_HEADERS  = 
  CONFIG_LINKS    = 
  CONFIG_COMMANDS = 
  $ ./config.status Makefile

on msi

config.status:927: creating Makefile
